TN:
SF:/Users/vygis/Repositories/moj/govuk_angularjs_components/src/components/footer/footer.js
FN:1,(anonymous_1)
FN:9,footerDirective
FN:21,link
FNF:3
FNH:3
FNDA:1,(anonymous_1)
FNDA:7,footerDirective
FNDA:7,link
DA:1,1
DA:4,1
DA:9,1
DA:10,7
DA:19,7
DA:21,1
DA:22,7
DA:47,7
DA:49,7
DA:51,7
LF:10
LH:10
BRF:0
BRH:0
end_of_record
TN:
SF:/Users/vygis/Repositories/moj/govuk_angularjs_components/src/components/header/header.js
FN:1,(anonymous_1)
FN:8,headerDirective
FN:21,link
FNF:3
FNH:3
FNDA:1,(anonymous_1)
FNDA:2,headerDirective
FNDA:2,link
DA:1,1
DA:4,1
DA:8,1
DA:9,2
DA:19,2
DA:21,1
DA:22,2
DA:23,2
DA:24,1
DA:26,1
LF:10
LH:10
BRDA:23,1,0,1
BRDA:23,1,1,1
BRF:2
BRH:2
end_of_record
